
         ***********************************************************
         ****  BOBS KED S P E C T R A L  D A T A   R E P O R T  ****
         ***********************************************************

         Information:                                               
         Acq. Start time:  9/30/19   10:16:22 
         Elapsed Live time:    5000.00
         Elapsed Real Time:    5573.37
         Sample Vial Temp:       26.50
         KED Path Length:       1.4130 +/- ??????????
         KED Concentration (g/L): ?????????? +/- ??????????
         Pu Atomic weight:         239.6300
         U enrichment:               0.7000
         HV Cutoff (kV):         ??????????
         Energy cal zero:           -0.0000
         Energy cal slope:           0.0898
         Sample Title:                                                 

Channel|------|-------|-------|-------|-------|-------|-------|-------|
    1:       0       0       0       0       1       0       4       9
    9:      20      26      44      35      28      23      22      64
   17:    1626   13943   28587   33297   34546   34553   34553   34308
   25:   33943   33620   33308   32836   32530   32328   32059   32018
   33:   31607   31190   31066   30813   30675   30286   29610   29510
   41:   28932   29043   28783   28962   28374   28223   28062   27674
   49:   27593   27247   27141   26704   26770   26551   26406   26210
   57:   26267   25786   25454   25592   25334   25152   24799   25186
   65:   25051   24748   24736   24596   24428   24085   24376   24104
   73:   24064   23831   23837   23684   23612   23287   23374   23007
   81:   22945   22984   23004   22287   22749   22534   22465   22329
   89:   22345   22263   21858   22028   21852   22078   21896   21853
   97:   21839   21426   21692   21527   21229   21094   21335   20993
  105:   21089   20943   20720   20966   20630   20311   20562   20513
  113:   20526   20145   20532   20162   20189   19971   20099   20108
  121:   19890   20086   20222   20293   20583   20719   20659   20579
  129:   20620   20878   20412   20456   20212   20520   21174   21443
  137:   21546   21682   20781   20436   19807   19697   19552   19531
  145:   19390   19464   19336   19537   19533   19479   19472   19297
  153:   19260   19481   19408   19451   19440   19098   19104   19003
  161:   18977   18846   18790   18758   18695   18822   18821   19471
  169:   19234   18953   18494   18486   18358   18414   18268   18282
  177:   18033   17926   17919   18101   18027   17738   17795   17874
  185:   18032   17885   17818   17648   17573   17579   17806   17451
  193:   17485   17433   17561   17472   17524   17355   17471   17575
  201:   17310   17329   17191   17318   17349   17064   17070   17004
  209:   16957   16925   16980   16891   16913   16911   16710   16940
  217:   16883   16918   16888   16740   16765   16850   16991   16810
  225:   16659   16847   16681   17028   16767   16898   16846   16748
  233:   16857   16994   17054   16996   16909   16949   16832   17129
  241:   17368   17903   19196   22203   27025   32187   35112   33447
  249:   27821   21911   18136   16866   16631   16750   16745   16765
  257:   16674   16499   16760   16913   16816   16826   16918   16737
  265:   16840   17081   17112   17154   17228   17421   17472   17395
  273:   17473   17547   18261   20167   23606   26575   26856   24002
  281:   21195   19227   19099   19348   18949   18344   17484   17046
  289:   17038   17243   17289   17135   17377   17301   17205   17073
  297:   17508   17600   17511   17384   17604   17704   17523   17802
  305:   17887   17832   17794   17872   18086   17879   17821   18063
  313:   17816   17982   18011   18124   18050   18315   18277   18212
  321:   18183   18361   18105   18320   18440   18441   18494   18691
  329:   18512   18623   18731   18673   18575   18507   19039   18713
  337:   18974   18931   18768   18986   19175   19046   19075   19086
  345:   19198   19234   19244   19110   19122   19321   19469   19370
  353:   19714   19472   19502   19612   19615   19625   19674   19701
  361:   19703   19859   20064   19613   19766   19940   19945   19807
  369:   19955   20030   20123   20278   20072   20070   20222   20233
  377:   20128   20284   20121   20194   20211   20166   20323   20695
  385:   20365   20551   20369   20167   20288   20271   20608   20538
  393:   20461   20443   20229   20327   20509   20278   20428   20503
  401:   20455   20351   20546   20616   20134   20546   20463   20217
  409:   20315   20202   20067   20652   20401   20439   20248   20176
  417:   20214   20412   20132   19917   20202   20285   19970   19937
  425:   20114   19938   19826   20175   20093   19827   19714   19840
  433:   19534   19639   19585   19906   19526   19930   19125   19362
  441:   19434   19327   19328   19053   19253   19105   19051   19093
  449:   18911   18857   19002   18832   18523   18615   18673   18512
  457:   18471   18559   18320   18232   18055   18203   17796   18002
  465:   17793   17674   17837   17418   17499   17440   17302   17465
  473:   17346   16711   16960   16994   16934   16691   16937   16664
  481:   16582   16322   16360   16077   15875   15939   16125   15622
  489:   15547   15730   15478   15285   15509   15356   15234   14783
  497:   14978   14955   14615   14679   14539   14322   14250   14166
  505:   14095   13909   13753   13638   13601   13540   13551   13388
  513:   12922   12902   12701   12793   12758   12434   12351   12262
  521:   12218   11982   11858   11754   11616   11569   11574   11297
  529:   11313   11119   11047   11038   10680   10407   10582   10331
  537:   10154   10225   10049    9914    9761    9673    9665    9605
  545:    9350    9210    9227    8812    8987    8661    8527    8552
  553:    8420    8279    8181    7896    7856    7747    7832    7714
  561:    7499    7445    7345    7054    7054    6949    6778    6768
  569:    6695    6523    6526    6257    6338    6088    5982    5840
  577:    5892    5580    5613    5493    5508    5332    5344    5247
  585:    4998    5047    4857    4917    4835    4880    4680    4614
  593:    4556    4430    4411    4351    4207    4147    4216    3961
  601:    4034    3962    3868    3681    3787    3718    3764    3653
  609:    3499    3608    3426    3371    3353    3294    3254    3262
  617:    3251    3161    3117    3126    3043    2975    3082    2986
  625:    2966    2906    2877    2801    2872    2734    2831    2640
  633:    2571    2699    2643    2664    2613    2598    2518    2539
  641:    2572    2677    2904    3267    3683    4212    4348    4091
  649:    3449    2960    2559    2301    2324    2307    2295    2308
  657:    2586    2906    3669    4573    5376    5568    5051    4014
  665:    2957    2507    2254    2054    1901    1949    1964    1911
  673:    1947    1872    1830    1789    1818    1854    1766    1819
  681:    1803    1795    1771    1797    1775    1767    1669    1667
  689:    1674    1729    1628    1628    1715    1635    1688    1633
  697:    1587    1642    1608    1613    1593    1611    1601    1580
  705:    1582    1622    1489    1567    1527    1602    1569    1516
  713:    1603    1604    1481    1554    1555    1481    1529    1517
  721:    1485    1602    1532    1617    1519    1527    1540    1604
  729:    1567    1554    1567    1483    1499    1549    1543    1504
  737:    1652    1651    1604    1652    1681    1700    1790    1946
  745:    2177    2597    2960    3059    3170    2871    2610    2324
  753:    2059    1809    1632    1609    1556    1620    1642    1576
  761:    1577    1567    1616    1707    1970    2240    2561    2827
  769:    2736    2557    2254    2018    1746    1707    1555    1539
  777:    1553    1472    1459    1457    1453    1513    1491    1535
  785:    1428    1547    1477    1446    1435    1464    1460    1446
  793:    1429    1441    1546    1445    1421    1423    1493    1473
  801:    1502    1471    1426    1522    1524    1496    1523    1567
  809:    1666    1774    1830    1907    1959    1990    1779    1717
  817:    1575    1516    1525    1558    1555    1501    1511    1579
  825:    1565    1580    1548    1599    1580    1724    1629    1678
  833:    1778    1968    2165    2406    2371    2350    2019    1923
  841:    1675    1706    1635    1700    1673    1710    1686    1592
  849:    1691    1770    1700    1770    1759    1782    1731    1761
  857:    1774    1826    1855    1876    1849    1921    1873    1998
  865:    1987    2099    2077    2224    2264    2297    2306    2321
  873:    2235    2116    2042    2081    2234    2053    2112    2186
  881:    2156    2220    2051    2168    2160    2132    2306    2226
  889:    2254    2322    2346    2499    2515    2507    2513    2434
  897:    2602    2497    2540    2555    2590    2539    2588    2650
  905:    2719    2590    2732    2767    2676    2697    2800    2870
  913:    2840    2886    2893    2916    2931    2967    3042    3087
  921:    3080    3138    3208    3157    3205    3337    3252    3354
  929:    3427    3468    3535    3485    3570    3661    3656    3650
  937:    3697    3808    3890    4022    4007    3986    4111    4076
  945:    4324    4271    4425    4469    4416    4459    4397    4480
  953:    4471    4624    4704    4701    4703    4877    4846    5044
  961:    4954    4985    5061    5084    5267    5194    5331    5499
  969:    5446    5462    5475    5722    5920    6005    6463    7535
  977:    9855   13891   19624   25100   28126   27708   23433   17673
  985:   12784    9406    7687    7020    6918    7015    6881    6956
  993:    7003    7146    7330    7243    7650    7486    7720    7763
 1001:    7916    7909    8207    8226    8160    8365    8491    8515
 1009:    8568    8866    8883    8968    9136    9349    9477    9482
 1017:    9502    9649    9694    9886   10131    9967   10234   10393
 1025:   10551   10634   10633   10769   10949   11193   11161   11536
 1033:   11478   11688   11844   11870   11960   12333   12325   12256
 1041:   12538   12735   12792   13160   13082   13414   13472   13540
 1049:   13477   14026   14041   14216   14360   14439   14877   15062
 1057:   15025   15332   15519   15679   15657   16031   16321   16557
 1065:   16716   16720   17245   17517   17446   17503   18036   18039
 1073:   18314   18673   18804   19028   19175   19406   19731   19888
 1081:   20428   20502   20653   20651   21260   21335   21801   22004
 1089:   22176   22310   22968   23115   23467   23188   24232   24015
 1097:   24386   24998   24990   25357   25823   26033   26724   26775
 1105:   27057   27606   27920   27830   28487   28720   28901   29808
 1113:   29876   30181   30569   30932   30817   31357   31603   32395
 1121:   32819   33386   33689   33831   34520   34764   35114   35407
 1129:   35720   36255   36755   36968   37658   37872   38362   38741
 1137:   39441   39726   40254   40842   40906   41750   42349   42700
 1145:   42614   43852   44135   44321   45430   45319   46192   46619
 1153:   47052   47453   48190   48467   49001   49631   50225   51065
 1161:   51288   51563   52025   52409   53031   53824   54784   54689
 1169:   55543   56076   56921   56872   58036   58186   58870   59234
 1177:   60050   60451   61556   61840   62457   63047   63591   64104
 1185:   64858   65586   66353   66864   67174   67782   68586   68919
 1193:   70182   70580   70994   72032   72576   72978   73554   74292
 1201:   74828   75466   76880   77747   78414   78680   79779   79767
 1209:   80746   81918   82046   83277   83895   84610   85078   85410
 1217:   86607   87753   88290   88782   89036   90368   90572   91877
 1225:   92454   93312   93870   94909   95536   96145   96818   97669
 1233:   98022   99279   99730  100823  101275  101955  102299  103800
 1241:  104324  104721  105604  107110  107783  108497  108827  110268
 1249:  110825  111520  112390  112909  114199  114443  115532  116093
 1257:  117505  117578  118924  119923  120627  122034  122275  123044
 1265:  123261  123905  125215  125701  126957  127919  128721  129448
 1273:  130523  131354  131877  132494  133406  133902  134842  136111
 1281:  136828  137545  138138  140219  140208  141133  142559  143157
 1289:  143822  144390  145953  145667  147502  147723  149143  149030
 1297:  150502  150766  152444  153360  153417  154072  155531  156039
 1305:  157230  158039  158034  160110  160274  160901  162392  162838
 1313:  164723  165127  164630  165799  167043  167924  168759  169584
 1321:  169791  170890  171827  172329  173660  174895  175452  176545
 1329:  176658  177524  179111  179141  179138  180305  181368  181222
 1337:  182023  183602  184577  186174  185976  186790  187356  188164
 1345:  188215  189528  190112  191187  191526  192466  194004  194164
 1353:  195578  195896  195850  196856  198886  198387  199267  200099
 1361:  201280  200833  201913  203040  204399  205343  205912  205513
 1369:  206677  207496  207614  207746  208971  209134  210760  211505
 1377:  212153  213661  212911  213832  214445  215155  216799  215953
 1385:  216594  217853  218003  217995  219401  219901  220787  221434
 1393:  221097  223351  222979  223343  223699  225305  225418  226098
 1401:  226346  226387  226307  227733  228668  228266  228371  230085
 1409:  230307  230488  231172  231327  231878  232213  233600  233947
 1417:  234153  234104  235049  234908  235675  236057  236824  236303
 1425:  235974  237295  237901  238662  238405  238831  239152  239693
 1433:  239586  239244  239823  239931  241061  241048  241601  241704
 1441:  242462  242008  242938  242417  242236  242833  242841  243747
 1449:  243448  245039  244302  243999  243553  244474  244659  244592
 1457:  245046  245077  245163  245961  245681  244525  246416  246143
 1465:  244770  245014  245035  246374  246292  246634  245733  245569
 1473:  245987  246180  246132  245762  245938  245644  245707  245256
 1481:  244710  245210  244792  244393  243619  243335  244047  243532
 1489:  243534  243242  242348  243071  242656  242141  241854  242102
 1497:  241345  241582  240892  240803  241344  239900  240137  239719
 1505:  239351  240196  238567  238246  237754  237388  237684  237039
 1513:  235865  235771  234760  234539  234059  232479  233168  232026
 1521:  231921  231991  231182  229143  230037  229138  228487  228655
 1529:  227140  226092  226367  225287  224641  222904  222123  221128
 1537:  221211  220558  219506  219660  218759  216810  216572  215675
 1545:  215171  213681  213203  211627  210521  210443  208494  208473
 1553:  207348  205958  205883  204918  203495  202290  201256  198911
 1561:  198434  198322  196241  196539  193829  194069  191750  190987
 1569:  189089  188382  187288  185928  183895  183873  182885  180318
 1577:  179500  177699  176848  175797  173894  172836  170555  170201
 1585:  168276  166429  165618  164192  162529  160995  159417  157637
 1593:  156010  154192  152562  150158  149204  147363  145413  144747
 1601:  142688  140799  139468  137361  135454  134002  131954  130609
 1609:  128240  126908  124780  123009  121155  118343  117133  114908
 1617:  112969  110978  108509  107137  104672  102147  100332   98130
 1625:   96132   94174   91813   89053   87484   85036   83383   80591
 1633:   78522   75486   73704   71151   68246   65890   63414   60768
 1641:   58020   55706   53273   50585   47837   45050   42779   39642
 1649:   36576   33915   31258   27863   24911   21521   18516   15608
 1657:   12805    9952    7465    5617    3899    2716    1809    1285
 1665:     953     657     602     546     527     553     502     490
 1673:     459     448     457     478     496     419     441     443
 1681:     452     458     417     430     435     393     456     431
 1689:     400     427     388     391     425     375     406     389
 1697:     408     385     397     394     389     418     402     417
 1705:     423     414     367     413     358     341     373     373
 1713:     349     354     366     376     372     329     335     360
 1721:     328     361     355     379     366     369     380     334
 1729:     343     354     381     316     377     354     360     327
 1737:     320     360     310     353     347     330     383     353
 1745:     306     327     319     322     349     336     335     341
 1753:     319     333     297     320     333     360     312     361
 1761:     339     322     328     276     354     315     314     301
 1769:     321     299     313     315     297     281     330     326
 1777:     310     320     285     300     287     314     310     295
 1785:     284     290     309     299     288     280     314     257
 1793:     335     312     252     264     328     295     268     292
 1801:     319     247     292     281     285     309     295     297
 1809:     298     315     286     273     286     318     279     286
 1817:     279     286     254     263     261     253     273     255
 1825:     268     262     297     269     270     273     302     305
 1833:     269     261     288     282     265     264     261     251
 1841:     274     271     257     256     261     290     265     242
 1849:     265     275     269     277     245     250     255     257
 1857:     278     267     255     240     252     264     260     250
 1865:     244     248     242     259     253     262     240     266
 1873:     240     256     265     256     253     239     263     218
 1881:     229     236     240     229     213     243     226     232
 1889:     253     264     222     220     245     225     237     202
 1897:     236     250     238     222     210     209     230     229
 1905:     222     241     254     248     252     204     212     226
 1913:     190     240     205     209     205     217     209     206
 1921:     228     200     204     217     231     216     225     218
 1929:     222     172     215     203     213     180     195     211
 1937:     236     194     187     192     210     187     203     217
 1945:     174     174     182     184     187     191     191     192
 1953:     175     206     203     176     197     181     200     193
 1961:     178     197     180     182     200     189     161     152
 1969:     192     187     176     190     184     182     193     179
 1977:     193     198     158     154     162     142     158     172
 1985:     167     147     170     170     152     180     165     155
 1993:     153     160     151     141     170     156     167     153
 2001:     139     153     154     139     130     134     133     123
 2009:     125     136     152     153     152     132     129     155
 2017:     138     124     118     143     136     136     163     148
 2025:     135     135     126     129     148     117     140     127
 2033:     136     116     118     122     114     123     128     133
 2041:     113     120     113     110     106     121     107     103
